<?xml version="1.0" encoding="UTF-8"?>
<!-- Generated by org.testng.reporters.JUnitReportReporter -->
<testsuite skipped="0" hostname="ELM-PBASKAR-01" name="thefloow.tests.CreateAccountTest" tests="1" failures="0" timestamp="30 Oct 2017 11:56:29 GMT" time="99.333" errors="0">
  <testcase name="f" time="99.333" classname="thefloow.tests.CreateAccountTest"/>
</testsuite> <!-- thefloow.tests.CreateAccountTest -->
